QuestaSim vlog 10.6c Compiler 2017.07 Jul 25 2017
Start time: 16:57:54 on Nov 01,2025
vlog -sv "+acc" "+cover" "+fcover" -l nco.log nco_top.sv 
-- Compiling interface nco_inf
-- Compiling interface nco_assert
** Note: (vlog-2286) nco_pkg.svh(1): Using implicit +incdir+/tools/mentor/questasim_10.6c/questasim/uvm-1.1d/../verilog_src/uvm-1.1d/src from import uvm_pkg
-- Compiling package nco_pkg
-- Importing package mtiUvm.uvm_pkg (uvm-1.1d Built-in)
** Warning: ** while parsing file included at nco_top.sv(4)
** at nco_scoreboard.sv(243): (vlog-2875) Task "x_val" is being called in function "generate_reference_waveforms".
** Warning: ** while parsing file included at nco_top.sv(4)
** at nco_scoreboard.sv(244): (vlog-2875) Task "sine_function" is being called in function "generate_reference_waveforms".
** Warning: ** while parsing file included at nco_top.sv(4)
** at nco_scoreboard.sv(245): (vlog-2875) Task "sine_wave_out" is being called in function "generate_reference_waveforms".
** Warning: ** while parsing file included at nco_top.sv(4)
** at nco_scoreboard.sv(249): (vlog-2875) Task "cosine_function" is being called in function "generate_reference_waveforms".
** Warning: ** while parsing file included at nco_top.sv(4)
** at nco_scoreboard.sv(250): (vlog-2875) Task "cosine_wave_out" is being called in function "generate_reference_waveforms".
** Warning: ** while parsing file included at nco_top.sv(4)
** at nco_scoreboard.sv(254): (vlog-2875) Task "triangle_wave_out" is being called in function "generate_reference_waveforms".
** Warning: ** while parsing file included at nco_top.sv(4)
** at nco_scoreboard.sv(258): (vlog-2875) Task "sawtooth_wave_out" is being called in function "generate_reference_waveforms".
** Warning: ** while parsing file included at nco_top.sv(4)
** at nco_scoreboard.sv(262): (vlog-2875) Task "square_wave_out" is being called in function "generate_reference_waveforms".
-- Compiling module nco
-- Compiling package nco_top_sv_unit
-- Importing package mtiUvm.uvm_pkg (uvm-1.1d Built-in)
-- Importing package nco_pkg
-- Compiling module top

Top level modules:
	top
End time: 16:57:55 on Nov 01,2025, Elapsed time: 0:00:01
Errors: 0, Warnings: 8
